# JRE version: OpenJDK Runtime Environment Temurin-21.0.9+10 (21.0.9+10) (build 21.0.9+10-LTS)
# Java VM: OpenJDK 64-Bit Server VM Temurin-21.0.9+10 (21.0.9+10-LTS, mixed mode, sharing, tiered, compressed oops, compressed class ptrs, parallel gc, windows-amd64)
GC Precious Log:
 CardTable entry size: 512
 CPUs: 12 total, 12 available
 Memory: 32625M
 Large Page Support: Disabled
 NUMA Support: Disabled
 Compressed Oops: Enabled (32-bit)
 Alignments: Space 512K, Generation 512K, Heap 2M
 Heap Min Capacity: 100M
 Heap Initial Capacity: 100M
 Heap Max Capacity: 2G
 Pre-touch: Disabled
 Parallel Workers: 10
Heap:
 PSYoungGen      total 14848K, used 464K [0x00000000d5580000, 0x00000000d6600000, 0x0000000100000000)
  eden space 14336K, 3% used [0x00000000d5580000,0x00000000d55f4098,0x00000000d6380000)
  from space 512K, 0% used [0x00000000d6380000,0x00000000d6380000,0x00000000d6400000)
  to   space 1024K, 0% used [0x00000000d6500000,0x00000000d6500000,0x00000000d6600000)
 ParOldGen       total 68608K, used 47936K [0x0000000080000000, 0x0000000084300000, 0x00000000d5580000)
  object space 68608K, 69% used [0x0000000080000000,0x0000000082ed0128,0x0000000084300000)
 Metaspace       used 58101K, committed 59776K, reserved 1114112K
  class space    used 6790K, committed 7424K, reserved 1048576K
GC Heap History (20 events):
Event: 51.788 GC heap before
{Heap before GC invocations=33 (full 2):
 PSYoungGen      total 16384K, used 16096K [0x00000000d5580000, 0x00000000d6980000, 0x0000000100000000)
  eden space 14848K, 100% used [0x00000000d5580000,0x00000000d6400000,0x00000000d6400000)
  from space 1536K, 81% used [0x00000000d6800000,0x00000000d6938020,0x00000000d6980000)
  to   space 2048K, 0% used [0x00000000d6580000,0x00000000d6580000,0x00000000d6780000)
 ParOldGen       total 68608K, used 41766K [0x0000000080000000, 0x0000000084300000, 0x00000000d5580000)
  object space 68608K, 60% used [0x0000000080000000,0x00000000828c9ab0,0x0000000084300000)
 Metaspace       used 57517K, committed 58816K, reserved 1114112K
  class space    used 6791K, committed 7360K, reserved 1048576K
}
Event: 51.789 GC heap after
{Heap after GC invocations=33 (full 2):
 PSYoungGen      total 16896K, used 1760K [0x00000000d5580000, 0x00000000d6880000, 0x0000000100000000)
  eden space 14848K, 0% used [0x00000000d5580000,0x00000000d5580000,0x00000000d6400000)
  from space 2048K, 85% used [0x00000000d6580000,0x00000000d6738010,0x00000000d6780000)
  to   space 1024K, 0% used [0x00000000d6780000,0x00000000d6780000,0x00000000d6880000)
 ParOldGen       total 68608K, used 42865K [0x0000000080000000, 0x0000000084300000, 0x00000000d5580000)
  object space 68608K, 62% used [0x0000000080000000,0x00000000829dc760,0x0000000084300000)
 Metaspace       used 57517K, committed 58816K, reserved 1114112K
  class space    used 6791K, committed 7360K, reserved 1048576K
}
Event: 51.831 GC heap before
{Heap before GC invocations=34 (full 2):
 PSYoungGen      total 16896K, used 16608K [0x00000000d5580000, 0x00000000d6880000, 0x0000000100000000)
  eden space 14848K, 100% used [0x00000000d5580000,0x00000000d6400000,0x00000000d6400000)
  from space 2048K, 85% used [0x00000000d6580000,0x00000000d6738010,0x00000000d6780000)
  to   space 1024K, 0% used [0x00000000d6780000,0x00000000d6780000,0x00000000d6880000)
 ParOldGen       total 68608K, used 42865K [0x0000000080000000, 0x0000000084300000, 0x00000000d5580000)
  object space 68608K, 62% used [0x0000000080000000,0x00000000829dc760,0x0000000084300000)
 Metaspace       used 57911K, committed 59264K, reserved 1114112K
  class space    used 6852K, committed 7424K, reserved 1048576K
}
Event: 51.832 GC heap after
{Heap after GC invocations=34 (full 2):
 PSYoungGen      total 15360K, used 992K [0x00000000d5580000, 0x00000000d6c00000, 0x0000000100000000)
  eden space 14336K, 0% used [0x00000000d5580000,0x00000000d5580000,0x00000000d6380000)
  from space 1024K, 96% used [0x00000000d6780000,0x00000000d6878010,0x00000000d6880000)
  to   space 4096K, 0% used [0x00000000d6380000,0x00000000d6380000,0x00000000d6780000)
 ParOldGen       total 68608K, used 45202K [0x0000000080000000, 0x0000000084300000, 0x00000000d5580000)
  object space 68608K, 65% used [0x0000000080000000,0x0000000082c24b70,0x0000000084300000)
 Metaspace       used 57911K, committed 59264K, reserved 1114112K
  class space    used 6852K, committed 7424K, reserved 1048576K
}
Event: 51.845 GC heap before
{Heap before GC invocations=35 (full 2):
 PSYoungGen      total 15360K, used 15328K [0x00000000d5580000, 0x00000000d6c00000, 0x0000000100000000)
  eden space 14336K, 100% used [0x00000000d5580000,0x00000000d6380000,0x00000000d6380000)
  from space 1024K, 96% used [0x00000000d6780000,0x00000000d6878010,0x00000000d6880000)
  to   space 4096K, 0% used [0x00000000d6380000,0x00000000d6380000,0x00000000d6780000)
 ParOldGen       total 68608K, used 45202K [0x0000000080000000, 0x0000000084300000, 0x00000000d5580000)
  object space 68608K, 65% used [0x0000000080000000,0x0000000082c24b70,0x0000000084300000)
 Metaspace       used 57918K, committed 59264K, reserved 1114112K
  class space    used 6852K, committed 7424K, reserved 1048576K
}
Event: 51.846 GC heap after
{Heap after GC invocations=35 (full 2):
 PSYoungGen      total 16384K, used 1696K [0x00000000d5580000, 0x00000000d6880000, 0x0000000100000000)
  eden space 14336K, 0% used [0x00000000d5580000,0x00000000d5580000,0x00000000d6380000)
  from space 2048K, 82% used [0x00000000d6380000,0x00000000d6528010,0x00000000d6580000)
  to   space 2560K, 0% used [0x00000000d6600000,0x00000000d6600000,0x00000000d6880000)
 ParOldGen       total 68608K, used 46230K [0x0000000080000000, 0x0000000084300000, 0x00000000d5580000)
  object space 68608K, 67% used [0x0000000080000000,0x0000000082d25850,0x0000000084300000)
 Metaspace       used 57918K, committed 59264K, reserved 1114112K
  class space    used 6852K, committed 7424K, reserved 1048576K
}
Event: 51.865 GC heap before
{Heap before GC invocations=36 (full 2):
 PSYoungGen      total 16384K, used 16032K [0x00000000d5580000, 0x00000000d6880000, 0x0000000100000000)
  eden space 14336K, 100% used [0x00000000d5580000,0x00000000d6380000,0x00000000d6380000)
  from space 2048K, 82% used [0x00000000d6380000,0x00000000d6528010,0x00000000d6580000)
  to   space 2560K, 0% used [0x00000000d6600000,0x00000000d6600000,0x00000000d6880000)
 ParOldGen       total 68608K, used 46230K [0x0000000080000000, 0x0000000084300000, 0x00000000d5580000)
  object space 68608K, 67% used [0x0000000080000000,0x0000000082d25850,0x0000000084300000)
 Metaspace       used 57930K, committed 59328K, reserved 1114112K
  class space    used 6852K, committed 7424K, reserved 1048576K
}
Event: 51.867 GC heap after
{Heap after GC invocations=36 (full 2):
 PSYoungGen      total 16384K, used 1762K [0x00000000d5580000, 0x00000000d6800000, 0x0000000100000000)
  eden space 14336K, 0% used [0x00000000d5580000,0x00000000d5580000,0x00000000d6380000)
  from space 2048K, 86% used [0x00000000d6600000,0x00000000d67b8800,0x00000000d6800000)
  to   space 2048K, 0% used [0x00000000d6380000,0x00000000d6380000,0x00000000d6580000)
 ParOldGen       total 68608K, used 47854K [0x0000000080000000, 0x0000000084300000, 0x00000000d5580000)
  object space 68608K, 69% used [0x0000000080000000,0x0000000082ebb860,0x0000000084300000)
 Metaspace       used 57930K, committed 59328K, reserved 1114112K
  class space    used 6852K, committed 7424K, reserved 1048576K
}
Event: 51.883 GC heap before
{Heap before GC invocations=37 (full 2):
 PSYoungGen      total 16384K, used 16098K [0x00000000d5580000, 0x00000000d6800000, 0x0000000100000000)
  eden space 14336K, 100% used [0x00000000d5580000,0x00000000d6380000,0x00000000d6380000)
  from space 2048K, 86% used [0x00000000d6600000,0x00000000d67b8800,0x00000000d6800000)
  to   space 2048K, 0% used [0x00000000d6380000,0x00000000d6380000,0x00000000d6580000)
 ParOldGen       total 68608K, used 47854K [0x0000000080000000, 0x0000000084300000, 0x00000000d5580000)
  object space 68608K, 69% used [0x0000000080000000,0x0000000082ebb860,0x0000000084300000)
 Metaspace       used 57941K, committed 59328K, reserved 1114112K
  class space    used 6852K, committed 7424K, reserved 1048576K
}
Event: 51.884 GC heap after
{Heap after GC invocations=37 (full 2):
 PSYoungGen      total 16384K, used 1764K [0x00000000d5580000, 0x00000000d6780000, 0x0000000100000000)
  eden space 14336K, 0% used [0x00000000d5580000,0x00000000d5580000,0x00000000d6380000)
  from space 2048K, 86% used [0x00000000d6380000,0x00000000d6539000,0x00000000d6580000)
  to   space 2048K, 0% used [0x00000000d6580000,0x00000000d6580000,0x00000000d6780000)
 ParOldGen       total 68608K, used 49334K [0x0000000080000000, 0x0000000084300000, 0x00000000d5580000)
  object space 68608K, 71% used [0x0000000080000000,0x000000008302d860,0x0000000084300000)
 Metaspace       used 57941K, committed 59328K, reserved 1114112K
  class space    used 6852K, committed 7424K, reserved 1048576K
}
Event: 51.905 GC heap before
{Heap before GC invocations=38 (full 2):
 PSYoungGen      total 16384K, used 16100K [0x00000000d5580000, 0x00000000d6780000, 0x0000000100000000)
  eden space 14336K, 100% used [0x00000000d5580000,0x00000000d6380000,0x00000000d6380000)
  from space 2048K, 86% used [0x00000000d6380000,0x00000000d6539000,0x00000000d6580000)
  to   space 2048K, 0% used [0x00000000d6580000,0x00000000d6580000,0x00000000d6780000)
 ParOldGen       total 68608K, used 49334K [0x0000000080000000, 0x0000000084300000, 0x00000000d5580000)
  object space 68608K, 71% used [0x0000000080000000,0x000000008302d860,0x0000000084300000)
 Metaspace       used 57955K, committed 59328K, reserved 1114112K
  class space    used 6852K, committed 7424K, reserved 1048576K
}
Event: 51.907 GC heap after
{Heap after GC invocations=38 (full 2):
 PSYoungGen      total 16384K, used 1792K [0x00000000d5580000, 0x00000000d6780000, 0x0000000100000000)
  eden space 14336K, 0% used [0x00000000d5580000,0x00000000d5580000,0x00000000d6380000)
  from space 2048K, 87% used [0x00000000d6580000,0x00000000d6740010,0x00000000d6780000)
  to   space 2048K, 0% used [0x00000000d6380000,0x00000000d6380000,0x00000000d6580000)
 ParOldGen       total 68608K, used 50995K [0x0000000080000000, 0x0000000084300000, 0x00000000d5580000)
  object space 68608K, 74% used [0x0000000080000000,0x00000000831cce88,0x0000000084300000)
 Metaspace       used 57955K, committed 59328K, reserved 1114112K
  class space    used 6852K, committed 7424K, reserved 1048576K
}
Event: 51.925 GC heap before
{Heap before GC invocations=39 (full 2):
 PSYoungGen      total 16384K, used 16128K [0x00000000d5580000, 0x00000000d6780000, 0x0000000100000000)
  eden space 14336K, 100% used [0x00000000d5580000,0x00000000d6380000,0x00000000d6380000)
  from space 2048K, 87% used [0x00000000d6580000,0x00000000d6740010,0x00000000d6780000)
  to   space 2048K, 0% used [0x00000000d6380000,0x00000000d6380000,0x00000000d6580000)
 ParOldGen       total 68608K, used 50995K [0x0000000080000000, 0x0000000084300000, 0x00000000d5580000)
  object space 68608K, 74% used [0x0000000080000000,0x00000000831cce88,0x0000000084300000)
 Metaspace       used 57971K, committed 59328K, reserved 1114112K
  class space    used 6852K, committed 7424K, reserved 1048576K
}
Event: 51.926 GC heap after
{Heap after GC invocations=39 (full 2):
 PSYoungGen      total 16384K, used 1536K [0x00000000d5580000, 0x00000000d6780000, 0x0000000100000000)
  eden space 14336K, 0% used [0x00000000d5580000,0x00000000d5580000,0x00000000d6380000)
  from space 2048K, 75% used [0x00000000d6380000,0x00000000d6500000,0x00000000d6580000)
  to   space 2048K, 0% used [0x00000000d6580000,0x00000000d6580000,0x00000000d6780000)
 ParOldGen       total 68608K, used 52659K [0x0000000080000000, 0x0000000084300000, 0x00000000d5580000)
  object space 68608K, 76% used [0x0000000080000000,0x000000008336ce98,0x0000000084300000)
 Metaspace       used 57971K, committed 59328K, reserved 1114112K
  class space    used 6852K, committed 7424K, reserved 1048576K
}
Event: 51.966 GC heap before
{Heap before GC invocations=40 (full 2):
 PSYoungGen      total 16384K, used 15872K [0x00000000d5580000, 0x00000000d6780000, 0x0000000100000000)
  eden space 14336K, 100% used [0x00000000d5580000,0x00000000d6380000,0x00000000d6380000)
  from space 2048K, 75% used [0x00000000d6380000,0x00000000d6500000,0x00000000d6580000)
  to   space 2048K, 0% used [0x00000000d6580000,0x00000000d6580000,0x00000000d6780000)
 ParOldGen       total 68608K, used 52659K [0x0000000080000000, 0x0000000084300000, 0x00000000d5580000)
  object space 68608K, 76% used [0x0000000080000000,0x000000008336ce98,0x0000000084300000)
 Metaspace       used 58148K, committed 59456K, reserved 1114112K
  class space    used 6868K, committed 7424K, reserved 1048576K
}
Event: 51.967 GC heap after
{Heap after GC invocations=40 (full 2):
 PSYoungGen      total 16384K, used 1528K [0x00000000d5580000, 0x00000000d6780000, 0x0000000100000000)
  eden space 14336K, 0% used [0x00000000d5580000,0x00000000d5580000,0x00000000d6380000)
  from space 2048K, 74% used [0x00000000d6580000,0x00000000d66fe220,0x00000000d6780000)
  to   space 2048K, 0% used [0x00000000d6380000,0x00000000d6380000,0x00000000d6580000)
 ParOldGen       total 68608K, used 54051K [0x0000000080000000, 0x0000000084300000, 0x00000000d5580000)
  object space 68608K, 78% used [0x0000000080000000,0x00000000834c8e98,0x0000000084300000)
 Metaspace       used 58148K, committed 59456K, reserved 1114112K
  class space    used 6868K, committed 7424K, reserved 1048576K
}
Event: 21915.818 GC heap before
{Heap before GC invocations=41 (full 2):
 PSYoungGen      total 16384K, used 6074K [0x00000000d5580000, 0x00000000d6780000, 0x0000000100000000)
  eden space 14336K, 31% used [0x00000000d5580000,0x00000000d59f08e0,0x00000000d6380000)
  from space 2048K, 74% used [0x00000000d6580000,0x00000000d66fe220,0x00000000d6780000)
  to   space 2048K, 0% used [0x00000000d6380000,0x00000000d6380000,0x00000000d6580000)
 ParOldGen       total 68608K, used 54051K [0x0000000080000000, 0x0000000084300000, 0x00000000d5580000)
  object space 68608K, 78% used [0x0000000080000000,0x00000000834c8e98,0x0000000084300000)
 Metaspace       used 58489K, committed 59776K, reserved 1114112K
  class space    used 6895K, committed 7424K, reserved 1048576K
}
Event: 21915.820 GC heap after
{Heap after GC invocations=41 (full 2):
 PSYoungGen      total 14848K, used 288K [0x00000000d5580000, 0x00000000d6600000, 0x0000000100000000)
  eden space 14336K, 0% used [0x00000000d5580000,0x00000000d5580000,0x00000000d6380000)
  from space 512K, 56% used [0x00000000d6380000,0x00000000d63c8000,0x00000000d6400000)
  to   space 1024K, 0% used [0x00000000d6500000,0x00000000d6500000,0x00000000d6600000)
 ParOldGen       total 68608K, used 55345K [0x0000000080000000, 0x0000000084300000, 0x00000000d5580000)
  object space 68608K, 80% used [0x0000000080000000,0x000000008360c430,0x0000000084300000)
 Metaspace       used 58489K, committed 59776K, reserved 1114112K
  class space    used 6895K, committed 7424K, reserved 1048576K
}
Event: 21915.820 GC heap before
{Heap before GC invocations=42 (full 3):
 PSYoungGen      total 14848K, used 288K [0x00000000d5580000, 0x00000000d6600000, 0x0000000100000000)
  eden space 14336K, 0% used [0x00000000d5580000,0x00000000d5580000,0x00000000d6380000)
  from space 512K, 56% used [0x00000000d6380000,0x00000000d63c8000,0x00000000d6400000)
  to   space 1024K, 0% used [0x00000000d6500000,0x00000000d6500000,0x00000000d6600000)
 ParOldGen       total 68608K, used 55345K [0x0000000080000000, 0x0000000084300000, 0x00000000d5580000)
  object space 68608K, 80% used [0x0000000080000000,0x000000008360c430,0x0000000084300000)
 Metaspace       used 58489K, committed 59776K, reserved 1114112K
  class space    used 6895K, committed 7424K, reserved 1048576K
}
Event: 21915.876 GC heap after
{Heap after GC invocations=42 (full 3):
 PSYoungGen      total 14848K, used 0K [0x00000000d5580000, 0x00000000d6600000, 0x0000000100000000)
  eden space 14336K, 0% used [0x00000000d5580000,0x00000000d5580000,0x00000000d6380000)
  from space 512K, 0% used [0x00000000d6380000,0x00000000d6380000,0x00000000d6400000)
  to   space 1024K, 0% used [0x00000000d6500000,0x00000000d6500000,0x00000000d6600000)
 ParOldGen       total 68608K, used 47936K [0x0000000080000000, 0x0000000084300000, 0x00000000d5580000)
  object space 68608K, 69% used [0x0000000080000000,0x0000000082ed0128,0x0000000084300000)
 Metaspace       used 58099K, committed 59776K, reserved 1114112K
  class space    used 6790K, committed 7424K, reserved 1048576K
}

